\BOOKMARK [1][-]{section.0.1}{Introduction}{}% 1
\BOOKMARK [2][-]{subsection.0.1.1}{Upper Confidence Bound \(UCB\)}{section.0.1}% 2
\BOOKMARK [2][-]{subsection.0.1.2}{Explore-then-Commit \(ETC\)}{section.0.1}% 3
\BOOKMARK [1][-]{section.0.2}{Experiments}{}% 4
\BOOKMARK [2][-]{subsection.0.2.1}{P1 set of Arms}{section.0.2}% 5
\BOOKMARK [3][-]{subsubsection.0.2.1.1}{Explore-then-Commit \(ETC\)}{subsection.0.2.1}% 6
\BOOKMARK [3][-]{subsubsection.0.2.1.2}{Upper Confidence Bound \(UCB\)}{subsection.0.2.1}% 7
\BOOKMARK [2][-]{subsection.0.2.2}{P2 set of Arms}{section.0.2}% 8
\BOOKMARK [3][-]{subsubsection.0.2.2.1}{Explore-then-Commit \(ETC\)}{subsection.0.2.2}% 9
\BOOKMARK [3][-]{subsubsection.0.2.2.2}{Upper Confidence Bound \(UCB\)}{subsection.0.2.2}% 10
\BOOKMARK [2][-]{subsection.0.2.3}{P3 set of Arms}{section.0.2}% 11
\BOOKMARK [3][-]{subsubsection.0.2.3.1}{Explore-then-Commit \(ETC\)}{subsection.0.2.3}% 12
\BOOKMARK [3][-]{subsubsection.0.2.3.2}{Upper Confidence Bound \(UCB\)}{subsection.0.2.3}% 13
\BOOKMARK [2][-]{subsection.0.2.4}{P4 set of Arms}{section.0.2}% 14
\BOOKMARK [3][-]{subsubsection.0.2.4.1}{Explore-then-Commit \(ETC\)}{subsection.0.2.4}% 15
\BOOKMARK [3][-]{subsubsection.0.2.4.2}{Upper Confidence Bound \(UCB\)}{subsection.0.2.4}% 16
\BOOKMARK [1][-]{section.0.3}{Comparison of algorithms}{}% 17
\BOOKMARK [2][-]{subsection.0.3.1}{P1 set of Arms}{section.0.3}% 18
\BOOKMARK [2][-]{subsection.0.3.2}{P2 set of Arms}{section.0.3}% 19
\BOOKMARK [2][-]{subsection.0.3.3}{P3 set of Arms}{section.0.3}% 20
\BOOKMARK [2][-]{subsection.0.3.4}{P4 set of Arms}{section.0.3}% 21
